2018-11-13 14:33:17 INFO initConnectionPool ...
2018-11-13 14:35:22 INFO initConnectionPool ...
2018-11-13 14:35:28 INFO -----------------DebitsHandler-------------
2018-11-13 14:36:27 INFO initConnectionPool ...
2018-11-13 14:36:34 INFO -----------------DebitsHandler-------------
2018-11-13 14:37:38 INFO initConnectionPool ...
2018-11-13 14:37:45 INFO -----------------DebitsHandler-------------
2018-11-13 14:38:51 INFO initConnectionPool ...
2018-11-13 14:38:57 INFO -----------------DebitsHandler-------------
2018-11-13 14:46:57 INFO initConnectionPool ...
2018-11-13 14:47:05 INFO -----------------DebitsHandler-------------
2018-11-13 14:47:41 INFO initConnectionPool ...
2018-11-13 14:47:49 INFO -----------------DebitsHandler-------------
2018-11-13 14:49:13 INFO initConnectionPool ...
2018-11-13 14:49:20 INFO -----------------DebitsHandler-------------
2018-11-13 14:50:21 INFO -----------------DebitsHandler-------------
2018-11-13 15:05:13 INFO initConnectionPool ...
2018-11-13 15:05:25 INFO -----------------DebitsHandler-------------
2018-11-13 15:09:44 INFO initConnectionPool ...
2018-11-13 15:10:02 INFO initConnectionPool ...
2018-11-13 15:10:17 INFO -----------------DebitsHandler-------------
2018-11-13 15:14:12 INFO initConnectionPool ...
2018-11-13 15:14:23 INFO -----------------DebitsHandler-------------
2018-11-13 15:20:37 INFO initConnectionPool ...
2018-11-13 15:20:48 INFO -----------------DebitsHandler-------------
2018-11-14 08:44:29 INFO initConnectionPool ...
2018-11-14 11:55:14 INFO -----------------DebitsHandler-------------
2018-11-14 14:30:26 INFO -----------------DebitsHandler-------------
2018-11-14 14:39:23 INFO -----------------DebitsHandler-------------
2018-11-14 14:40:54 INFO -----------------DebitsHandler-------------
2018-11-14 15:19:50 INFO initConnectionPool ...
2018-11-14 15:20:22 INFO -----------------DebitsHandler-------------
2018-11-14 15:27:16 INFO initConnectionPool ...
2018-11-14 15:27:58 INFO -----------------DebitsHandler-------------
2018-11-14 15:50:07 INFO -----------------DebitsHandler-------------
2018-11-14 15:51:33 INFO -----------------DebitsHandler-------------
2018-11-14 15:54:00 INFO initConnectionPool ...
2018-11-14 15:54:48 INFO -----------------DebitsHandler-------------
2018-11-14 16:00:37 INFO initConnectionPool ...
2018-11-14 16:05:22 INFO initConnectionPool ...
2018-11-14 16:05:54 INFO -----------------DebitsHandler-------------
2018-11-14 16:08:28 INFO initConnectionPool ...
2018-11-14 16:08:59 INFO -----------------DebitsHandler-------------
2018-11-14 16:09:58 INFO -----------------DebitsHandler-------------
2018-11-14 16:16:49 INFO -----------------DebitsHandler-------------
2018-11-14 16:22:27 INFO -----------------DebitsHandler-------------
2018-11-14 16:24:00 INFO initConnectionPool ...
2018-11-14 16:25:23 INFO -----------------DebitsHandler-------------
2018-11-14 16:57:21 INFO -----------------DebitsHandler-------------
2018-11-14 17:00:10 INFO -----------------DebitsHandler-------------
2018-11-14 17:01:14 INFO -----------------DebitsHandler-------------
2018-11-16 16:18:31 INFO initConnectionPool ...
2018-11-16 16:34:32 INFO initConnectionPool ...
2018-11-16 16:34:58 INFO -----------------DebitsHandler-------------
2018-11-16 16:36:12 INFO initConnectionPool ...
2018-11-16 16:37:09 INFO -----------------DebitsHandler-------------
2018-11-19 10:43:26 INFO -----------------DebitsHandler-------------
2018-11-19 10:46:42 INFO initConnectionPool ...
2018-11-19 10:47:22 INFO -----------------DebitsHandler-------------
2018-11-19 10:48:11 INFO -----------------DebitsHandler-------------
2018-11-19 10:49:45 INFO -----------------DebitsHandler-------------
2018-11-19 11:17:45 INFO -----------------DebitsHandler-------------
2018-11-19 11:19:15 INFO -----------------DebitsHandler-------------
2018-11-19 11:20:46 INFO -----------------DebitsHandler-------------
2018-11-19 11:22:51 INFO -----------------DebitsHandler-------------
2018-11-19 11:24:56 INFO -----------------DebitsHandler-------------
2018-11-19 11:26:06 INFO -----------------DebitsHandler-------------
2018-11-19 11:30:29 INFO -----------------DebitsHandler-------------
2018-11-19 11:31:50 INFO -----------------DebitsHandler-------------
2018-11-19 11:33:15 INFO -----------------DebitsHandler-------------
2018-11-19 11:53:02 INFO initConnectionPool ...
2018-11-19 11:55:22 INFO -----------------DebitsHandler-------------
2018-11-19 11:56:17 INFO initConnectionPool ...
2018-11-19 11:56:30 INFO initConnectionPool ...
2018-11-19 11:57:33 INFO -----------------DebitsHandler-------------
2018-11-19 13:45:18 INFO initConnectionPool ...
2018-11-19 13:52:06 INFO initConnectionPool ...
2018-11-19 14:03:59 INFO -----------------DebitsHandler-------------
2018-11-19 14:05:26 INFO initConnectionPool ...
2018-11-19 14:06:03 INFO -----------------DebitsHandler-------------
2018-11-19 14:11:30 INFO -----------------DebitsHandler-------------
2018-11-19 14:11:44 INFO initConnectionPool ...
2018-11-19 14:12:04 INFO -----------------DebitsHandler-------------
2018-11-19 14:51:45 INFO -----------------DebitsHandler-------------
2018-11-19 14:51:46 INFO -----------------DebitsHandler-------------
2018-11-19 14:51:46 INFO -----------------DebitsHandler-------------
2018-11-20 10:10:43 INFO initConnectionPool ...
2018-11-20 10:18:15 INFO initConnectionPool ...
2018-11-20 10:24:07 INFO -----------------DebitsHandler-------------
2018-11-20 10:25:28 INFO -----------------DebitsHandler-------------
2018-11-20 10:25:40 INFO -----------------DebitsHandler-------------
2018-11-20 10:26:22 INFO initConnectionPool ...
2018-11-20 10:26:30 INFO -----------------DebitsHandler-------------
2018-11-20 10:26:56 INFO -----------------DebitsHandler-------------
2018-11-20 10:27:38 INFO -----------------DebitsHandler-------------
2018-11-20 10:27:38 ERRO ssssssssssssss
2018-11-20 10:27:38 ERRO json: cannot unmarshal number into Go struct field PaymentDetails.Tokenid of type string
2018-11-20 10:27:38 ERRO parse input failedjson: cannot unmarshal number into Go struct field PaymentDetails.Tokenid of type string
2018-11-20 10:28:10 INFO -----------------DebitsHandler-------------
2018-11-20 10:35:36 INFO -----------------DebitsHandler-------------
2018-11-20 10:38:49 INFO initConnectionPool ...
2018-11-20 10:39:07 INFO -----------------DebitsHandler-------------
2018-11-20 10:39:58 INFO initConnectionPool ...
2018-11-20 10:40:11 INFO -----------------DebitsHandler-------------
2018-11-20 10:40:38 INFO initConnectionPool ...
2018-11-20 10:41:30 INFO -----------------DebitsHandler-------------
2018-11-20 10:42:15 INFO initConnectionPool ...
2018-11-20 10:42:26 INFO -----------------DebitsHandler-------------
2018-11-20 10:43:22 INFO initConnectionPool ...
2018-11-20 10:43:32 INFO -----------------DebitsHandler-------------
2018-11-20 10:43:41 INFO initConnectionPool ...
2018-11-20 10:44:21 INFO initConnectionPool ...
2018-11-20 10:44:25 INFO -----------------DebitsHandler-------------
2018-11-20 10:46:14 INFO initConnectionPool ...
2018-11-20 10:46:23 INFO -----------------DebitsHandler-------------
2018-11-20 10:47:17 INFO initConnectionPool ...
2018-11-20 10:47:29 INFO -----------------DebitsHandler-------------
2018-11-20 10:51:07 INFO -----------------DebitsHandler-------------
2018-11-20 10:57:09 INFO initConnectionPool ...
2018-11-20 10:57:23 INFO -----------------DebitsHandler-------------
2018-11-20 10:58:46 INFO -----------------DebitsHandler-------------
2018-11-20 11:00:16 INFO -----------------DebitsHandler-------------
2018-11-20 11:09:36 INFO -----------------DebitsHandler-------------
2018-11-20 11:10:10 INFO initConnectionPool ...
2018-11-20 11:10:52 INFO initConnectionPool ...
2018-11-20 11:14:55 INFO -----------------DebitsHandler-------------
2018-11-20 11:15:46 INFO -----------------DebitsHandler-------------
2018-11-20 11:24:29 INFO -----------------DebitsHandler-------------
2018-11-20 12:01:10 INFO -----------------DebitsHandler-------------
2018-11-20 14:00:46 INFO -----------------DebitsHandler-------------
2018-11-20 14:03:05 INFO -----------------DebitsHandler-------------
2018-11-20 14:04:56 INFO -----------------DebitsHandler-------------
2018-11-20 14:06:36 INFO -----------------DebitsHandler-------------
2018-11-20 14:08:21 INFO -----------------DebitsHandler-------------
2018-11-20 14:09:47 INFO -----------------DebitsHandler-------------
2018-11-20 14:11:32 INFO -----------------DebitsHandler-------------
2018-11-20 14:18:46 INFO initConnectionPool ...
